{
  "RSpec": {
    "coverage": {
      "/Users/sebass/Desktop/Chicago_Sports_Calendar/config/environment.rb": [
        null,
        1,
        null,
        null,
        1
      ],
      "/Users/sebass/Desktop/Chicago_Sports_Calendar/config/application.rb": [
        1,
        null,
        null,
        1,
        1,
        1,
        1,
        1,
        1,
        null,
        null,
        null,
        null,
        1,
        null,
        1,
        1,
        null,
        null,
        null,
        null,
        null,
        null,
        null,
        null,
        null,
        null,
        null,
        null,
        null
      ],
      "/Users/sebass/Desktop/Chicago_Sports_Calendar/config/boot.rb": [
        null,
        1,
        null,
        1
      ],
      "/Users/sebass/Desktop/Chicago_Sports_Calendar/config/environments/test.rb": [
        1,
        null,
        null,
        null,
        null,
        null,
        null,
        1,
        null,
        null,
        null,
        null,
        1,
        null,
        null,
        1,
        1,
        null,
        null,
        1,
        1,
        null,
        null,
        1,
        null,
        null,
        1,
        null,
        null,
        null,
        null,
        1,
        null,
        null,
        1,
        null,
        null,
        null,
        null
      ],
      "/Users/sebass/Desktop/Chicago_Sports_Calendar/config/initializers/assets.rb": [
        null,
        null,
        null,
        1,
        null,
        null,
        null,
        null
      ],
      "/Users/sebass/Desktop/Chicago_Sports_Calendar/config/initializers/backtrace_silencers.rb": [
        null,
        null,
        null,
        null,
        null,
        null,
        null
      ],
      "/Users/sebass/Desktop/Chicago_Sports_Calendar/config/initializers/cookies_serializer.rb": [
        null,
        null,
        1
      ],
      "/Users/sebass/Desktop/Chicago_Sports_Calendar/config/initializers/filter_parameter_logging.rb": [
        null,
        null,
        null,
        1
      ],
      "/Users/sebass/Desktop/Chicago_Sports_Calendar/config/initializers/inflections.rb": [
        null,
        null,
        null,
        null,
        null,
        null,
        null,
        null,
        null,
        null,
        null,
        null,
        null,
        null,
        null,
        null
      ],
      "/Users/sebass/Desktop/Chicago_Sports_Calendar/config/initializers/mime_types.rb": [
        null,
        null,
        null,
        null
      ],
      "/Users/sebass/Desktop/Chicago_Sports_Calendar/config/initializers/session_store.rb": [
        null,
        null,
        1
      ],
      "/Users/sebass/Desktop/Chicago_Sports_Calendar/config/initializers/wrap_parameters.rb": [
        null,
        null,
        null,
        null,
        null,
        null,
        1,
        1,
        null,
        null,
        null,
        null,
        null,
        null
      ],
      "/Users/sebass/Desktop/Chicago_Sports_Calendar/config/routes.rb": [
        1,
        null,
        null,
        null,
        null,
        null,
        null,
        null,
        null,
        null,
        null,
        null,
        null,
        null,
        null,
        null,
        null,
        null,
        null,
        null,
        null,
        null,
        null,
        null,
        null,
        null,
        null,
        null,
        null,
        null,
        null,
        null,
        null,
        null,
        null,
        null,
        null,
        null,
        null,
        null,
        null,
        null,
        null,
        null,
        null,
        null,
        null,
        null,
        null,
        null,
        null,
        null,
        null,
        null,
        null,
        null
      ],
      "/Users/sebass/Desktop/Chicago_Sports_Calendar/app/helpers/application_helper.rb": [
        1,
        null
      ],
      "/Users/sebass/Desktop/Chicago_Sports_Calendar/app/models/game.rb": [
        1,
        1,
        null
      ],
      "/Users/sebass/Desktop/Chicago_Sports_Calendar/spec/models/team_spec.rb": [
        1,
        null,
        1,
        2,
        null
      ],
      "/Users/sebass/Desktop/Chicago_Sports_Calendar/app/models/team.rb": [
        1,
        1,
        null
      ]
    },
    "timestamp": 1410822977
  }
}
